[18:26:14] [main/INFO] (FabricLoader/GameProvider) Loading Minecraft 1.21.1 with Fabric Loader 0.18.4
[18:26:14] [main/INFO] (FabricLoader) Loading 55 mods:
	- elementals 1.0.0
	- fabric-api 0.116.7+1.21.1
	- fabric-api-base 0.4.42+6573ed8c19
	- fabric-api-lookup-api-v1 1.6.71+b559734419
	- fabric-biome-api-v1 13.0.31+d527f9fd19
	- fabric-block-api-v1 1.1.0+0bc3503219
	- fabric-block-view-api-v2 1.0.11+ebb2264e19
	- fabric-blockrenderlayer-v1 1.1.52+0af3f5a719
	- fabric-client-tags-api-v1 1.1.15+6573ed8c19
	- fabric-command-api-v1 1.2.49+f71b366f19
	- fabric-command-api-v2 2.2.28+6ced4dd919
	- fabric-commands-v0 0.2.66+df3654b319
	- fabric-content-registries-v0 8.0.19+b559734419
	- fabric-convention-tags-v1 2.1.5+7f945d5b19
	- fabric-convention-tags-v2 2.11.1+a406e79519
	- fabric-crash-report-info-v1 0.2.29+0af3f5a719
	- fabric-data-attachment-api-v1 1.4.5+6116a37819
	- fabric-data-generation-api-v1 20.2.34+37516cd619
	- fabric-dimensions-v1 4.0.1+65213ef819
	- fabric-entity-events-v1 1.8.0+2b27e0a419
	- fabric-events-interaction-v0 0.7.13+ba9dae0619
	- fabric-game-rule-api-v1 1.0.53+6ced4dd919
	- fabric-gametest-api-v1 2.0.5+6fc22b9919
	- fabric-item-api-v1 11.2.0+3b3cb2e819
	- fabric-item-group-api-v1 4.1.7+def88e3a19
	- fabric-key-binding-api-v1 1.0.47+0af3f5a719
	- fabric-keybindings-v0 0.2.45+df3654b319
	- fabric-lifecycle-events-v1 2.6.0+0865547519
	- fabric-loot-api-v2 3.0.15+3f89f5a519
	- fabric-loot-api-v3 1.0.3+3f89f5a519
	- fabric-message-api-v1 6.0.14+8aaf3aca19
	- fabric-model-loading-api-v1 2.1.0+b4d813fc19
	- fabric-networking-api-v1 4.3.0+c7469b2119
	- fabric-object-builder-api-v1 15.2.1+40875a9319
	- fabric-particles-v1 4.0.2+6573ed8c19
	- fabric-recipe-api-v1 5.0.15+2475392c19
	- fabric-registry-sync-v0 5.3.1+e3eddc2119
	- fabric-renderer-api-v1 3.4.1+b4d813fc19
	- fabric-renderer-indigo 1.7.1+c705a49c19
	- fabric-renderer-registries-v1 3.2.69+df3654b319
	- fabric-rendering-data-attachment-v1 0.3.49+73761d2e19
	- fabric-rendering-fluids-v1 3.1.6+1daea21519
	- fabric-rendering-v0 1.1.72+df3654b319
	- fabric-rendering-v1 5.1.0+ab4c25a019
	- fabric-resource-conditions-api-v1 4.3.0+8dc279b119
	- fabric-resource-loader-v0 1.3.1+5b5275af19
	- fabric-screen-api-v1 2.0.25+8b68f1c719
	- fabric-screen-handler-api-v1 1.3.90+b559734419
	- fabric-sound-api-v1 1.0.23+6573ed8c19
	- fabric-transfer-api-v1 5.4.3+c24bd99419
	- fabric-transitive-access-wideners-v1 6.2.0+45b9699719
	- fabricloader 0.18.4
	- java 21
	- minecraft 1.21.1
	- mixinextras 0.5.0
[18:26:14] [main/INFO] (FabricLoader/Mixin) SpongePowered MIXIN Subsystem Version=0.8.7 Source=file:/home/sam/.gradle/caches/modules-2/files-2.1/net.fabricmc/sponge-mixin/0.17.0+mixin.0.8.7/cf31463202f72d03b0ef1e1e38e8ee71b7faaab6/sponge-mixin-0.17.0+mixin.0.8.7.jar Service=Knot/Fabric Env=CLIENT
[18:26:14] [main/INFO] (FabricLoader/Mixin) Loaded Fabric development mappings for mixin remapper!
[18:26:14] [main/INFO] (FabricLoader/Mixin) Compatibility level set to JAVA_17
[18:26:14] [main/INFO] (FabricLoader/Mixin) Compatibility level set to JAVA_21
[18:26:14] [main/INFO] (FabricLoader/MixinExtras|Service) Initializing MixinExtras via com.llamalad7.mixinextras.service.MixinExtrasServiceImpl(version=0.5.0).
[18:26:15] [Datafixer Bootstrap/INFO] (Minecraft) 226 Datafixer optimizations took 138 milliseconds
[18:26:17] [Render thread/INFO] (Minecraft) Environment: Environment[sessionHost=https://sessionserver.mojang.com, servicesHost=https://api.minecraftservices.com, name=PROD]
[18:26:17] [Render thread/INFO] (Minecraft) Setting user: Player563
[18:26:17] [Render thread/INFO] (elementals) Registering Item Groups for elementals
[18:26:17] [Render thread/INFO] (elementals) Registering Items for elementals
[18:26:17] [Render thread/INFO] (elementals) Registering Blocks for elementals
[18:26:17] [Render thread/INFO] (Indigo) [Indigo] Registering Indigo renderer!
[18:26:17] [Render thread/INFO] (Minecraft) Backend library: LWJGL version 3.3.3-snapshot
[18:26:18] [Render thread/INFO] (Minecraft) Reloading ResourceManager: vanilla, fabric, elementals, fabric-api, fabric-api-base, fabric-api-lookup-api-v1, fabric-biome-api-v1, fabric-block-api-v1, fabric-block-view-api-v2, fabric-blockrenderlayer-v1, fabric-client-tags-api-v1, fabric-command-api-v1, fabric-command-api-v2, fabric-commands-v0, fabric-content-registries-v0, fabric-convention-tags-v1, fabric-convention-tags-v2, fabric-crash-report-info-v1, fabric-data-attachment-api-v1, fabric-data-generation-api-v1, fabric-dimensions-v1, fabric-entity-events-v1, fabric-events-interaction-v0, fabric-game-rule-api-v1, fabric-gametest-api-v1, fabric-item-api-v1, fabric-item-group-api-v1, fabric-key-binding-api-v1, fabric-keybindings-v0, fabric-lifecycle-events-v1, fabric-loot-api-v2, fabric-loot-api-v3, fabric-message-api-v1, fabric-model-loading-api-v1, fabric-networking-api-v1, fabric-object-builder-api-v1, fabric-particles-v1, fabric-recipe-api-v1, fabric-registry-sync-v0, fabric-renderer-api-v1, fabric-renderer-indigo, fabric-renderer-registries-v1, fabric-rendering-data-attachment-v1, fabric-rendering-fluids-v1, fabric-rendering-v0, fabric-rendering-v1, fabric-resource-conditions-api-v1, fabric-resource-loader-v0, fabric-screen-api-v1, fabric-screen-handler-api-v1, fabric-sound-api-v1, fabric-transfer-api-v1, fabric-transitive-access-wideners-v1, fabricloader
[18:26:18] [Worker-Main-13/INFO] (Minecraft) Found unifont_all_no_pua-15.1.05.hex, loading
[18:26:18] [Worker-Main-1/INFO] (Minecraft) Found unifont_jp_patch-15.1.05.hex, loading
[18:26:18] [Render thread/WARN] (Minecraft) Missing sound for event: minecraft:item.goat_horn.play
[18:26:18] [Render thread/WARN] (Minecraft) Missing sound for event: minecraft:entity.goat.screaming.horn_break
[18:26:18] [Render thread/INFO] (Minecraft) OpenAL initialized on device Family 17h/19h HD Audio Controller Analog Stereo
[18:26:18] [Render thread/INFO] (Minecraft) Sound engine started
[18:26:18] [Render thread/INFO] (Minecraft) Created: 1024x512x4 minecraft:textures/atlas/blocks.png-atlas
[18:26:18] [Render thread/INFO] (Minecraft) Created: 256x256x4 minecraft:textures/atlas/signs.png-atlas
[18:26:18] [Render thread/INFO] (Minecraft) Created: 512x512x4 minecraft:textures/atlas/shield_patterns.png-atlas
[18:26:18] [Render thread/INFO] (Minecraft) Created: 512x512x4 minecraft:textures/atlas/banner_patterns.png-atlas
[18:26:18] [Render thread/INFO] (Minecraft) Created: 1024x1024x4 minecraft:textures/atlas/armor_trims.png-atlas
[18:26:18] [Render thread/INFO] (Minecraft) Created: 128x64x4 minecraft:textures/atlas/decorated_pot.png-atlas
[18:26:18] [Render thread/INFO] (Minecraft) Created: 256x256x4 minecraft:textures/atlas/chest.png-atlas
[18:26:18] [Render thread/INFO] (Minecraft) Created: 512x256x4 minecraft:textures/atlas/shulker_boxes.png-atlas
[18:26:18] [Render thread/INFO] (Minecraft) Created: 512x256x4 minecraft:textures/atlas/beds.png-atlas
[18:26:19] [Render thread/INFO] (Minecraft) Created: 512x256x0 minecraft:textures/atlas/particles.png-atlas
[18:26:19] [Render thread/INFO] (Minecraft) Created: 512x256x0 minecraft:textures/atlas/paintings.png-atlas
[18:26:19] [Render thread/INFO] (Minecraft) Created: 256x128x0 minecraft:textures/atlas/mob_effects.png-atlas
[18:26:19] [Render thread/INFO] (Minecraft) Created: 64x64x0 minecraft:textures/atlas/map_decorations.png-atlas
[18:26:19] [Render thread/INFO] (Minecraft) Created: 1024x512x0 minecraft:textures/atlas/gui.png-atlas
[18:26:19] [Render thread/WARN] (Minecraft) Shader rendertype_entity_translucent_emissive could not find sampler named Sampler2 in the specified shader program.
[18:26:50] [Render thread/INFO] (Minecraft) Loaded 1390 recipes
[18:26:50] [Render thread/INFO] (Minecraft) Loaded 1500 advancements
[18:26:51] [Render thread/INFO] (BiomeModificationImpl) Applied 83 biome modifications to 63 of 64 new biomes in 5.598 ms
[18:26:51] [Server thread/INFO] (Minecraft) Starting integrated minecraft server version 1.21.1
[18:26:51] [Server thread/INFO] (Minecraft) Generating keypair
[18:26:51] [Server thread/INFO] (Minecraft) Preparing start region for dimension minecraft:overworld
[18:26:51] [Render thread/INFO] (Minecraft) Preparing spawn area: 0%
[18:26:51] [Render thread/INFO] (Minecraft) Time elapsed: 168 ms
[18:26:51] [Server thread/INFO] (Minecraft) Changing view distance to 12, from 10
[18:26:51] [Server thread/INFO] (Minecraft) Changing simulation distance to 12, from 0
[18:26:52] [Server thread/INFO] (Minecraft) Player563[local:E:49489955] logged in with entity id 84 at (183.67268493771292, -39.00952158595404, 73.02461540432581)
[18:26:52] [Server thread/INFO] (Minecraft) Player563 joined the game
[18:26:52] [Render thread/INFO] (Minecraft) Loaded 2 advancements
[18:26:53] [Server thread/INFO] (Minecraft) Saving and pausing game...
[18:26:53] [Server thread/INFO] (Minecraft) Saving chunks for level 'ServerLevel[New World]'/minecraft:overworld
[18:26:54] [Server thread/INFO] (Minecraft) Saving chunks for level 'ServerLevel[New World]'/minecraft:the_end
[18:26:54] [Server thread/INFO] (Minecraft) Saving chunks for level 'ServerLevel[New World]'/minecraft:the_nether
[18:26:54] [Server thread/INFO] (Minecraft) Player563 lost connection: Disconnected
[18:26:54] [Server thread/INFO] (Minecraft) Player563 left the game
[18:26:54] [Server thread/INFO] (Minecraft) Stopping singleplayer server as player logged out
[18:26:54] [Server thread/INFO] (Minecraft) Stopping server
[18:26:54] [Server thread/INFO] (Minecraft) Saving players
[18:26:54] [Server thread/INFO] (Minecraft) Saving worlds
[18:26:54] [Server thread/INFO] (Minecraft) Saving chunks for level 'ServerLevel[New World]'/minecraft:overworld
[18:26:54] [Server thread/INFO] (Minecraft) Saving chunks for level 'ServerLevel[New World]'/minecraft:the_end
[18:26:54] [Server thread/INFO] (Minecraft) Saving chunks for level 'ServerLevel[New World]'/minecraft:the_nether
[18:26:54] [Server thread/INFO] (Minecraft) ThreadedAnvilChunkStorage (New World): All chunks are saved
[18:26:54] [Server thread/INFO] (Minecraft) ThreadedAnvilChunkStorage (DIM1): All chunks are saved
[18:26:54] [Server thread/INFO] (Minecraft) ThreadedAnvilChunkStorage (DIM-1): All chunks are saved
[18:26:54] [Server thread/INFO] (Minecraft) ThreadedAnvilChunkStorage: All dimensions are saved
[18:26:56] [Render thread/INFO] (Minecraft) Deleting level New World
[18:26:56] [Render thread/INFO] (Minecraft) Attempt 1...
[18:26:56] [Render thread/INFO] (Minecraft) Loaded 1390 recipes
[18:26:56] [Render thread/INFO] (Minecraft) Loaded 1500 advancements
[18:26:57] [Render thread/INFO] (Minecraft) Loaded 1390 recipes
[18:26:57] [Render thread/INFO] (Minecraft) Loaded 1500 advancements
[18:26:59] [Render thread/INFO] (BiomeModificationImpl) Applied 31 biome modifications to 31 of 64 new biomes in 1.200 ms
[18:26:59] [Server thread/INFO] (Minecraft) Starting integrated minecraft server version 1.21.1
[18:26:59] [Server thread/INFO] (Minecraft) Generating keypair
[18:26:59] [Server thread/INFO] (Minecraft) Preparing start region for dimension minecraft:overworld
[18:26:59] [Render thread/INFO] (Minecraft) Preparing spawn area: 2%
[18:26:59] [Server thread/INFO] (Minecraft) Changing view distance to 12, from 10
[18:26:59] [Server thread/INFO] (Minecraft) Changing simulation distance to 12, from 0
[18:26:59] [Render thread/INFO] (Minecraft) Time elapsed: 84 ms
[18:26:59] [Server thread/INFO] (Minecraft) Player563[local:E:7e03ec24] logged in with entity id 376 at (0.5, -60.0, -8.5)
[18:26:59] [Server thread/INFO] (Minecraft) Player563 joined the game
[18:26:59] [Render thread/INFO] (Minecraft) Loaded 2 advancements
[18:27:01] [Server thread/INFO] (Minecraft) Saving and pausing game...
[18:27:01] [Server thread/INFO] (Minecraft) Saving chunks for level 'ServerLevel[New World]'/minecraft:overworld
[18:27:01] [Server thread/INFO] (Minecraft) Saving chunks for level 'ServerLevel[New World]'/minecraft:the_end
[18:27:01] [Server thread/INFO] (Minecraft) Saving chunks for level 'ServerLevel[New World]'/minecraft:the_nether
[18:27:06] [Server thread/INFO] (Minecraft) [Player563: Gamerule doDaylightCycle is now set to: false]
[18:27:06] [Render thread/INFO] (Minecraft) [System] [CHAT] Gamerule doDaylightCycle is now set to: false
[18:27:08] [Server thread/INFO] (Minecraft) [Player563: Gamerule doWeatherCycle is now set to: false]
[18:27:08] [Render thread/INFO] (Minecraft) [System] [CHAT] Gamerule doWeatherCycle is now set to: false
[18:27:16] [Server thread/INFO] (Minecraft) [Player563: Set the time to 6000]
[18:27:16] [Render thread/INFO] (Minecraft) [System] [CHAT] Set the time to 6000
[18:27:20] [Server thread/INFO] (Minecraft) Saving and pausing game...
[18:27:20] [Server thread/INFO] (Minecraft) Saving chunks for level 'ServerLevel[New World]'/minecraft:overworld
[18:27:20] [Server thread/INFO] (Minecraft) Saving chunks for level 'ServerLevel[New World]'/minecraft:the_end
[18:27:20] [Server thread/INFO] (Minecraft) Saving chunks for level 'ServerLevel[New World]'/minecraft:the_nether
[18:27:20] [Server thread/INFO] (Minecraft) Player563 lost connection: Disconnected
[18:27:20] [Server thread/INFO] (Minecraft) Player563 left the game
[18:27:20] [Server thread/INFO] (Minecraft) Stopping singleplayer server as player logged out
[18:27:20] [Server thread/INFO] (Minecraft) Stopping server
[18:27:20] [Server thread/INFO] (Minecraft) Saving players
[18:27:20] [Server thread/INFO] (Minecraft) Saving worlds
[18:27:20] [Server thread/INFO] (Minecraft) Saving chunks for level 'ServerLevel[New World]'/minecraft:overworld
[18:27:20] [Server thread/INFO] (Minecraft) Saving chunks for level 'ServerLevel[New World]'/minecraft:the_end
[18:27:20] [Server thread/INFO] (Minecraft) Saving chunks for level 'ServerLevel[New World]'/minecraft:the_nether
[18:27:20] [Server thread/INFO] (Minecraft) ThreadedAnvilChunkStorage (New World): All chunks are saved
[18:27:20] [Server thread/INFO] (Minecraft) ThreadedAnvilChunkStorage (DIM1): All chunks are saved
[18:27:20] [Server thread/INFO] (Minecraft) ThreadedAnvilChunkStorage (DIM-1): All chunks are saved
[18:27:20] [Server thread/INFO] (Minecraft) ThreadedAnvilChunkStorage: All dimensions are saved
[18:27:22] [Render thread/INFO] (Minecraft) Loaded 1390 recipes
[18:27:22] [Render thread/INFO] (Minecraft) Loaded 1500 advancements
[18:27:23] [Render thread/INFO] (BiomeModificationImpl) Applied 83 biome modifications to 63 of 64 new biomes in 1.291 ms
[18:27:23] [Server thread/INFO] (Minecraft) Starting integrated minecraft server version 1.21.1
[18:27:23] [Server thread/INFO] (Minecraft) Generating keypair
[18:27:24] [Server thread/INFO] (Minecraft) Preparing start region for dimension minecraft:overworld
[18:27:24] [Render thread/INFO] (Minecraft) Preparing spawn area: 2%
[18:27:25] [Render thread/INFO] (Minecraft) Preparing spawn area: 18%
[18:27:25] [Server thread/INFO] (Minecraft) Changing view distance to 12, from 10
[18:27:25] [Server thread/INFO] (Minecraft) Changing simulation distance to 12, from 0
[18:27:25] [Render thread/INFO] (Minecraft) Time elapsed: 1006 ms
[18:27:25] [Server thread/INFO] (Minecraft) Player563[local:E:abb62127] logged in with entity id 426 at (-4.5, 63.0, -6.5)
[18:27:25] [Server thread/INFO] (Minecraft) Player563 joined the game
[18:27:26] [Render thread/INFO] (Minecraft) Loaded 2 advancements
[18:27:33] [Server thread/INFO] (Minecraft) Saving and pausing game...
[18:27:33] [Server thread/INFO] (Minecraft) Saving chunks for level 'ServerLevel[New World]'/minecraft:overworld
[18:27:33] [Server thread/INFO] (Minecraft) Saving chunks for level 'ServerLevel[New World]'/minecraft:the_end
[18:27:33] [Server thread/INFO] (Minecraft) Saving chunks for level 'ServerLevel[New World]'/minecraft:the_nether
[18:27:33] [Server thread/INFO] (Minecraft) Player563 lost connection: Disconnected
[18:27:33] [Server thread/INFO] (Minecraft) Player563 left the game
[18:27:33] [Server thread/INFO] (Minecraft) Stopping singleplayer server as player logged out
[18:27:33] [Server thread/INFO] (Minecraft) Stopping server
[18:27:33] [Server thread/INFO] (Minecraft) Saving players
[18:27:33] [Server thread/INFO] (Minecraft) Saving worlds
[18:27:33] [Server thread/INFO] (Minecraft) Saving chunks for level 'ServerLevel[New World]'/minecraft:overworld
[18:27:34] [Server thread/INFO] (Minecraft) Saving chunks for level 'ServerLevel[New World]'/minecraft:the_end
[18:27:34] [Server thread/INFO] (Minecraft) Saving chunks for level 'ServerLevel[New World]'/minecraft:the_nether
[18:27:34] [Server thread/INFO] (Minecraft) ThreadedAnvilChunkStorage (New World (1)): All chunks are saved
[18:27:34] [Server thread/INFO] (Minecraft) ThreadedAnvilChunkStorage (DIM1): All chunks are saved
[18:27:34] [Server thread/INFO] (Minecraft) ThreadedAnvilChunkStorage (DIM-1): All chunks are saved
[18:27:34] [Server thread/INFO] (Minecraft) ThreadedAnvilChunkStorage: All dimensions are saved
[18:27:35] [Render thread/INFO] (Minecraft) Loaded 1390 recipes
[18:27:35] [Render thread/INFO] (Minecraft) Loaded 1500 advancements
[18:27:35] [Render thread/INFO] (BiomeModificationImpl) Applied 31 biome modifications to 31 of 64 new biomes in 897.4 μs
[18:27:35] [Server thread/INFO] (Minecraft) Starting integrated minecraft server version 1.21.1
[18:27:35] [Server thread/INFO] (Minecraft) Generating keypair
[18:27:36] [Server thread/INFO] (Minecraft) Preparing start region for dimension minecraft:overworld
[18:27:36] [Render thread/INFO] (Minecraft) Preparing spawn area: 0%
[18:27:36] [Server thread/INFO] (Minecraft) Changing view distance to 12, from 10
[18:27:36] [Server thread/INFO] (Minecraft) Changing simulation distance to 12, from 0
[18:27:36] [Render thread/INFO] (Minecraft) Time elapsed: 33 ms
[18:27:36] [Server thread/INFO] (Minecraft) Player563[local:E:190998e6] logged in with entity id 1137 at (6.260770600899563, -60.0, -12.533202826596225)
[18:27:36] [Server thread/INFO] (Minecraft) Player563 joined the game
[18:27:36] [Render thread/INFO] (Minecraft) Loaded 2 advancements
[18:27:39] [Render thread/INFO] (Minecraft) Loaded 3 advancements
[18:27:42] [Render thread/INFO] (Minecraft) Loaded 4 advancements
[18:27:55] [Render thread/INFO] (Minecraft) Loaded 6 advancements
[18:28:03] [Server thread/INFO] (Minecraft) Saving and pausing game...
[18:28:03] [Server thread/INFO] (Minecraft) Saving chunks for level 'ServerLevel[New World]'/minecraft:overworld
[18:28:03] [Server thread/INFO] (Minecraft) Saving chunks for level 'ServerLevel[New World]'/minecraft:the_end
[18:28:03] [Server thread/INFO] (Minecraft) Saving chunks for level 'ServerLevel[New World]'/minecraft:the_nether
[18:29:20] [Render thread/INFO] (Minecraft) Loaded 18 advancements
[18:29:21] [Render thread/INFO] (Minecraft) Loaded 27 advancements
[18:29:57] [Server thread/INFO] (Minecraft) [Player563: Changed the block at 11, -60, -14]
[18:29:57] [Render thread/INFO] (Minecraft) [System] [CHAT] Changed the block at 11, -60, -14
[18:30:02] [Server thread/INFO] (Minecraft) Player563 has made the advancement [The End?]
[18:30:03] [Render thread/INFO] (Minecraft) [System] [CHAT] Player563 has made the advancement [The End?]
[18:30:03] [Render thread/INFO] (Minecraft) Loaded 42 advancements
[18:30:03] [Server thread/INFO] (Minecraft) Scanning for legacy world dragon fight...
[18:30:03] [Server thread/INFO] (Minecraft) Found that the dragon has not yet been killed in this world.
[18:30:11] [Server thread/INFO] (Minecraft) [Player563: Killed Ender Dragon]
[18:30:11] [Render thread/INFO] (Minecraft) [System] [CHAT] Killed Ender Dragon
[18:31:25] [Render thread/INFO] (Minecraft) [System] [CHAT] Saved screenshot as 2026-01-08_18.31.24.png
[18:31:42] [Server thread/INFO] (Minecraft) Saving and pausing game...
[18:31:42] [Server thread/INFO] (Minecraft) Saving chunks for level 'ServerLevel[New World]'/minecraft:overworld
[18:31:42] [Server thread/INFO] (Minecraft) Saving chunks for level 'ServerLevel[New World]'/minecraft:the_end
[18:31:42] [Server thread/INFO] (Minecraft) Saving chunks for level 'ServerLevel[New World]'/minecraft:the_nether
[18:32:05] [Render thread/INFO] (Minecraft) [System] [CHAT] Saved screenshot as 2026-01-08_18.32.04.png
[18:32:06] [Server thread/INFO] (Minecraft) [Player563: Set own game mode to Survival Mode]
[18:32:06] [Render thread/INFO] (Minecraft) [System] [CHAT] Set own game mode to Survival Mode
[18:32:22] [Render thread/INFO] (Minecraft) [System] [CHAT] Saved screenshot as 2026-01-08_18.32.21.png
[18:32:23] [Server thread/INFO] (Minecraft) Saving and pausing game...
[18:32:23] [Server thread/INFO] (Minecraft) Saving chunks for level 'ServerLevel[New World]'/minecraft:overworld
[18:32:23] [Server thread/INFO] (Minecraft) Saving chunks for level 'ServerLevel[New World]'/minecraft:the_end
[18:32:23] [Server thread/INFO] (Minecraft) Saving chunks for level 'ServerLevel[New World]'/minecraft:the_nether
[18:32:42] [Render thread/INFO] (Minecraft) [System] [CHAT] Saved screenshot as 2026-01-08_18.32.42.png
[18:32:53] [Server thread/INFO] (Minecraft) [Player563: Removed 5 item(s) from player Player563]
[18:32:53] [Render thread/INFO] (Minecraft) [System] [CHAT] Removed 5 item(s) from player Player563
[18:32:54] [Server thread/INFO] (Minecraft) [Player563: Set own game mode to Creative Mode]
[18:32:54] [Render thread/INFO] (Minecraft) [System] [CHAT] Set own game mode to Creative Mode
[18:32:57] [Server thread/INFO] (Minecraft) [Player563: Set own game mode to Survival Mode]
[18:32:57] [Render thread/INFO] (Minecraft) [System] [CHAT] Set own game mode to Survival Mode
[18:32:59] [Server thread/INFO] (Minecraft) [Player563: Set own game mode to Creative Mode]
[18:32:59] [Render thread/INFO] (Minecraft) [System] [CHAT] Set own game mode to Creative Mode
[18:33:14] [Server thread/INFO] (Minecraft) Saving and pausing game...
[18:33:14] [Server thread/INFO] (Minecraft) Saving chunks for level 'ServerLevel[New World]'/minecraft:overworld
[18:33:14] [Server thread/INFO] (Minecraft) Saving chunks for level 'ServerLevel[New World]'/minecraft:the_end
[18:33:14] [Server thread/INFO] (Minecraft) Saving chunks for level 'ServerLevel[New World]'/minecraft:the_nether
[18:33:14] [Server thread/INFO] (Minecraft) Player563 lost connection: Disconnected
[18:33:14] [Server thread/INFO] (Minecraft) Player563 left the game
[18:33:14] [Server thread/INFO] (Minecraft) Stopping singleplayer server as player logged out
[18:33:14] [Server thread/INFO] (Minecraft) Stopping server
[18:33:14] [Server thread/INFO] (Minecraft) Saving players
[18:33:14] [Server thread/INFO] (Minecraft) Saving worlds
[18:33:14] [Server thread/INFO] (Minecraft) Saving chunks for level 'ServerLevel[New World]'/minecraft:overworld
[18:33:14] [Server thread/INFO] (Minecraft) Saving chunks for level 'ServerLevel[New World]'/minecraft:the_end
[18:33:14] [Server thread/INFO] (Minecraft) Saving chunks for level 'ServerLevel[New World]'/minecraft:the_nether
[18:33:14] [Server thread/INFO] (Minecraft) ThreadedAnvilChunkStorage (New World): All chunks are saved
[18:33:14] [Server thread/INFO] (Minecraft) ThreadedAnvilChunkStorage (DIM1): All chunks are saved
[18:33:14] [Server thread/INFO] (Minecraft) ThreadedAnvilChunkStorage (DIM-1): All chunks are saved
[18:33:14] [Server thread/INFO] (Minecraft) ThreadedAnvilChunkStorage: All dimensions are saved
[18:33:19] [Render thread/INFO] (Minecraft) Loaded 1390 recipes
[18:33:19] [Render thread/INFO] (Minecraft) Loaded 1500 advancements
[18:33:19] [Render thread/INFO] (BiomeModificationImpl) Applied 83 biome modifications to 63 of 64 new biomes in 1.171 ms
[18:33:19] [Server thread/INFO] (Minecraft) Starting integrated minecraft server version 1.21.1
[18:33:19] [Server thread/INFO] (Minecraft) Generating keypair
[18:33:20] [Server thread/INFO] (Minecraft) Preparing start region for dimension minecraft:overworld
[18:33:20] [Render thread/INFO] (Minecraft) Preparing spawn area: 0%
[18:33:20] [Render thread/INFO] (Minecraft) Time elapsed: 34 ms
[18:33:20] [Server thread/INFO] (Minecraft) Changing view distance to 12, from 10
[18:33:20] [Server thread/INFO] (Minecraft) Changing simulation distance to 12, from 0
[18:33:20] [Server thread/INFO] (Minecraft) Player563[local:E:9f2dad31] logged in with entity id 1377 at (-5.5826512490572116, 63.0, -4.921067294639678)
[18:33:20] [Server thread/INFO] (Minecraft) Player563 joined the game
[18:33:20] [Render thread/INFO] (Minecraft) Loaded 2 advancements
[18:33:25] [Server thread/INFO] (Minecraft) Locating element minecraft:ice_spikes took 603 ms
[18:33:25] [Render thread/INFO] (Minecraft) [System] [CHAT] The nearest minecraft:ice_spikes is at [-2086, 63, 1083] (2347 blocks away)
[18:33:27] [Server thread/INFO] (Minecraft) [Player563: Teleported Player563 to -2085.500000, 63.000000, 1083.500000]
[18:33:27] [Render thread/INFO] (Minecraft) [System] [CHAT] Teleported Player563 to -2085.500000, 63.000000, 1083.500000
[18:33:30] [Server thread/INFO] (Minecraft) [Player563: Set own game mode to Spectator Mode]
[18:33:30] [Render thread/INFO] (Minecraft) [System] [CHAT] Set own game mode to Spectator Mode
[18:33:39] [Server thread/INFO] (Minecraft) [Player563: Set own game mode to Creative Mode]
[18:33:39] [Render thread/INFO] (Minecraft) [System] [CHAT] Set own game mode to Creative Mode
[18:33:44] [Render thread/INFO] (Minecraft) Loaded 3 advancements
[18:33:44] [Render thread/INFO] (Minecraft) Loaded 5 advancements
[18:34:15] [Render thread/INFO] (Minecraft) Loaded 6 advancements
[18:34:38] [Render thread/INFO] (Minecraft) [System] [CHAT] Saved screenshot as 2026-01-08_18.34.38.png
[18:34:45] [Server thread/INFO] (Minecraft) Saving and pausing game...
[18:34:45] [Server thread/INFO] (Minecraft) Saving chunks for level 'ServerLevel[New World]'/minecraft:overworld
[18:34:45] [Server thread/INFO] (Minecraft) Saving chunks for level 'ServerLevel[New World]'/minecraft:the_end
[18:34:45] [Server thread/INFO] (Minecraft) Saving chunks for level 'ServerLevel[New World]'/minecraft:the_nether
[18:35:01] [Server thread/INFO] (Minecraft) [Player563: Set the weather to rain]
[18:35:01] [Render thread/INFO] (Minecraft) [System] [CHAT] Set the weather to rain
[18:35:06] [Render thread/INFO] (Minecraft) Loaded 15 advancements
[18:35:07] [Render thread/WARN] (Minecraft) Unable to play empty soundEvent: minecraft:entity.salmon.ambient
[18:35:12] [Render thread/INFO] (Minecraft) [System] [CHAT] Saved screenshot as 2026-01-08_18.35.12.png
[18:35:19] [Server thread/INFO] (Minecraft) [Player563: Set own game mode to Spectator Mode]
[18:35:19] [Render thread/INFO] (Minecraft) [System] [CHAT] Set own game mode to Spectator Mode
[18:35:20] [Server thread/INFO] (Minecraft) [Player563: Set own game mode to Creative Mode]
[18:35:20] [Render thread/INFO] (Minecraft) [System] [CHAT] Set own game mode to Creative Mode
[18:35:55] [Render thread/INFO] (Minecraft) [System] [CHAT] Saved screenshot as 2026-01-08_18.35.55.png
[18:36:04] [Render thread/INFO] (Minecraft) [System] [CHAT] Saved screenshot as 2026-01-08_18.36.03.png
[18:36:22] [Server thread/INFO] (Minecraft) Player563 has made the advancement [Ice Bucket Challenge]
[18:36:22] [Render thread/INFO] (Minecraft) [System] [CHAT] Player563 has made the advancement [Ice Bucket Challenge]
[18:36:22] [Render thread/INFO] (Minecraft) Loaded 26 advancements
[18:36:29] [Server thread/INFO] (Minecraft) [Player563: Set the weather to clear]
[18:36:29] [Render thread/INFO] (Minecraft) [System] [CHAT] Set the weather to clear
[18:36:44] [Server thread/INFO] (Minecraft) Player563 has made the advancement [We Need to Go Deeper]
[18:36:44] [Render thread/INFO] (Minecraft) [System] [CHAT] Player563 has made the advancement [We Need to Go Deeper]
[18:36:44] [Render thread/INFO] (Minecraft) Loaded 45 advancements
[18:36:44] [Render thread/INFO] (Minecraft) Loaded 45 advancements
[18:36:48] [Render thread/INFO] (Minecraft) Loaded 45 advancements
[18:36:52] [Render thread/INFO] (Minecraft) Loaded 46 advancements
[18:36:52] [Render thread/INFO] (Minecraft) Loaded 48 advancements
[18:37:43] [Render thread/INFO] (Minecraft) [System] [CHAT] Saved screenshot as 2026-01-08_18.37.43.png
[18:38:11] [Render thread/INFO] (Minecraft) [System] [CHAT] Saved screenshot as 2026-01-08_18.38.11.png
[18:38:31] [Render thread/INFO] (Minecraft) Loaded 48 advancements
[18:38:34] [Server thread/INFO] (Minecraft) [Player563: Set own game mode to Survival Mode]
[18:38:34] [Render thread/INFO] (Minecraft) [System] [CHAT] Set own game mode to Survival Mode
[18:38:35] [Server thread/INFO] (Minecraft) [Player563: Set own game mode to Creative Mode]
[18:38:35] [Render thread/INFO] (Minecraft) [System] [CHAT] Set own game mode to Creative Mode
[18:38:38] [Render thread/INFO] (Minecraft) [System] [CHAT] Saved screenshot as 2026-01-08_18.38.38.png
[18:38:56] [Render thread/INFO] (Minecraft) [System] [CHAT] Saved screenshot as 2026-01-08_18.38.56.png
[18:39:39] [Server thread/INFO] (Minecraft) [Player563: Set own game mode to Spectator Mode]
[18:39:39] [Render thread/INFO] (Minecraft) [System] [CHAT] Set own game mode to Spectator Mode
[18:39:51] [Server thread/INFO] (Minecraft) [Player563: Gamerule doMobSpawning is now set to: false]
[18:39:51] [Render thread/INFO] (Minecraft) [System] [CHAT] Gamerule doMobSpawning is now set to: false
[18:40:13] [Server thread/INFO] (Minecraft) [Player563: Killed 214 entities]
[18:40:13] [Render thread/INFO] (Minecraft) [System] [CHAT] Killed 214 entities
[18:40:14] [Server thread/INFO] (Minecraft) [Player563: Killed 259 entities]
[18:40:14] [Render thread/INFO] (Minecraft) [System] [CHAT] Killed 259 entities
[18:40:15] [Render thread/INFO] (Minecraft) [System] [CHAT] No entity was found
[18:40:15] [Render thread/INFO] (Minecraft) [System] [CHAT] No entity was found
[18:40:20] [Server thread/INFO] (Minecraft) [Player563: Set own game mode to Creative Mode]
[18:40:20] [Render thread/INFO] (Minecraft) [System] [CHAT] Set own game mode to Creative Mode
[18:40:34] [Render thread/INFO] (Minecraft) Loaded 49 advancements
[18:40:35] [Render thread/INFO] (Minecraft) Loaded 51 advancements
[18:40:52] [Render thread/INFO] (Minecraft) Loaded 52 advancements
[18:41:31] [Render thread/INFO] (Minecraft) [System] [CHAT] Saved screenshot as 2026-01-08_18.41.31.png
[18:42:12] [Render thread/INFO] (Minecraft) [System] [CHAT] Saved screenshot as 2026-01-08_18.42.11.png
[18:42:35] [Server thread/INFO] (Minecraft) [Player563: Set own game mode to Spectator Mode]
[18:42:35] [Render thread/INFO] (Minecraft) [System] [CHAT] Set own game mode to Spectator Mode
[18:42:45] [Server thread/INFO] (Minecraft) Player563 fell out of the world
[18:42:45] [Render thread/INFO] (Minecraft) [System] [CHAT] Player563 fell out of the world
[18:42:47] [Server thread/INFO] (Minecraft) [Player563: Set own game mode to Creative Mode]
[18:42:47] [Render thread/INFO] (Minecraft) [System] [CHAT] Set own game mode to Creative Mode
[18:42:57] [Server thread/INFO] (Minecraft) [Player563: Set own game mode to Spectator Mode]
[18:42:57] [Render thread/INFO] (Minecraft) [System] [CHAT] Set own game mode to Spectator Mode
[18:43:06] [Server thread/INFO] (Minecraft) [Player563: Set own game mode to Creative Mode]
[18:43:06] [Render thread/INFO] (Minecraft) [System] [CHAT] Set own game mode to Creative Mode
[18:43:12] [Server thread/INFO] (Minecraft) Saving and pausing game...
[18:43:12] [Server thread/INFO] (Minecraft) Saving chunks for level 'ServerLevel[New World]'/minecraft:overworld
[18:43:12] [Server thread/INFO] (Minecraft) Saving chunks for level 'ServerLevel[New World]'/minecraft:the_end
[18:43:12] [Server thread/INFO] (Minecraft) Saving chunks for level 'ServerLevel[New World]'/minecraft:the_nether
[19:19:19] [Render thread/INFO] (Minecraft) Loaded 54 advancements
[19:19:35] [Render thread/INFO] (Minecraft) [System] [CHAT] Saved screenshot as 2026-01-08_19.19.35.png
[19:19:58] [Server thread/INFO] (Minecraft) [Player563: Set own game mode to Spectator Mode]
[19:19:58] [Render thread/INFO] (Minecraft) [System] [CHAT] Set own game mode to Spectator Mode
[19:19:59] [Server thread/INFO] (Minecraft) [Player563: Set own game mode to Creative Mode]
[19:19:59] [Render thread/INFO] (Minecraft) [System] [CHAT] Set own game mode to Creative Mode
[19:20:00] [Server thread/INFO] (Minecraft) [Player563: Set own game mode to Survival Mode]
[19:20:00] [Render thread/INFO] (Minecraft) [System] [CHAT] Set own game mode to Survival Mode
[19:20:08] [Server thread/INFO] (Minecraft) Player563 has made the advancement [Diamonds!]
[19:20:08] [Render thread/INFO] (Minecraft) [System] [CHAT] Player563 has made the advancement [Diamonds!]
[19:20:08] [Render thread/INFO] (Minecraft) Loaded 69 advancements
[19:20:12] [Server thread/INFO] (Minecraft) [Player563: Set own game mode to Creative Mode]
[19:20:12] [Render thread/INFO] (Minecraft) [System] [CHAT] Set own game mode to Creative Mode
[19:20:20] [Server thread/INFO] (Minecraft) [Player563: Set own game mode to Survival Mode]
[19:20:20] [Render thread/INFO] (Minecraft) [System] [CHAT] Set own game mode to Survival Mode
[19:20:28] [Server thread/INFO] (Minecraft) Player563 has made the advancement [Stone Age]
[19:20:28] [Render thread/INFO] (Minecraft) [System] [CHAT] Player563 has made the advancement [Stone Age]
[19:20:28] [Render thread/INFO] (Minecraft) Loaded 96 advancements
[19:20:39] [Render thread/INFO] (Minecraft) [System] [CHAT] Saved screenshot as 2026-01-08_19.20.39.png
[19:21:02] [Render thread/INFO] (Minecraft) [System] [CHAT] Saved screenshot as 2026-01-08_19.21.02.png
[19:21:10] [Server thread/INFO] (Minecraft) Saving and pausing game...
[19:21:10] [Server thread/INFO] (Minecraft) Saving chunks for level 'ServerLevel[New World]'/minecraft:overworld
[19:21:10] [Server thread/INFO] (Minecraft) Saving chunks for level 'ServerLevel[New World]'/minecraft:the_end
[19:21:10] [Server thread/INFO] (Minecraft) Saving chunks for level 'ServerLevel[New World]'/minecraft:the_nether
[19:21:10] [Server thread/INFO] (Minecraft) Player563 lost connection: Disconnected
[19:21:10] [Server thread/INFO] (Minecraft) Player563 left the game
[19:21:10] [Server thread/INFO] (Minecraft) Stopping singleplayer server as player logged out
[19:21:10] [Server thread/INFO] (Minecraft) Stopping server
[19:21:10] [Server thread/INFO] (Minecraft) Saving players
[19:21:10] [Server thread/INFO] (Minecraft) Saving worlds
[19:21:10] [Server thread/INFO] (Minecraft) Saving chunks for level 'ServerLevel[New World]'/minecraft:overworld
[19:21:11] [Server thread/INFO] (Minecraft) Saving chunks for level 'ServerLevel[New World]'/minecraft:the_end
[19:21:11] [Server thread/INFO] (Minecraft) Saving chunks for level 'ServerLevel[New World]'/minecraft:the_nether
[19:21:11] [Server thread/INFO] (Minecraft) ThreadedAnvilChunkStorage (New World (1)): All chunks are saved
[19:21:11] [Server thread/INFO] (Minecraft) ThreadedAnvilChunkStorage (DIM1): All chunks are saved
[19:21:11] [Server thread/INFO] (Minecraft) ThreadedAnvilChunkStorage (DIM-1): All chunks are saved
[19:21:11] [Server thread/INFO] (Minecraft) ThreadedAnvilChunkStorage: All dimensions are saved
[19:21:11] [Render thread/INFO] (Minecraft) Stopping!
